Determining if the pthread_create exist failed with the following output:
Change Dir: /home/xiaoshu/dl_sys/oneflow/cmake/CMakeFiles/CMakeTmp

Run Build Command:"/usr/bin/gmake" "cmTC_6af48/fast"
/usr/bin/gmake -f CMakeFiles/cmTC_6af48.dir/build.make CMakeFiles/cmTC_6af48.dir/build
gmake[1]: Entering directory `/home/xiaoshu/dl_sys/oneflow/cmake/CMakeFiles/CMakeTmp'
Building C object CMakeFiles/cmTC_6af48.dir/CheckSymbolExists.c.o
/usr/bin/cc    -fPIE   -o CMakeFiles/cmTC_6af48.dir/CheckSymbolExists.c.o   -c /home/xiaoshu/dl_sys/oneflow/cmake/CMakeFiles/CMakeTmp/CheckSymbolExists.c
Linking C executable cmTC_6af48
/usr/local/bin/cmake -E cmake_link_script CMakeFiles/cmTC_6af48.dir/link.txt --verbose=1
/usr/bin/cc       CMakeFiles/cmTC_6af48.dir/CheckSymbolExists.c.o  -o cmTC_6af48 
CMakeFiles/cmTC_6af48.dir/CheckSymbolExists.c.o: In function `main':
CheckSymbolExists.c:(.text+0x1b): undefined reference to `pthread_create'
collect2: error: ld returned 1 exit status
gmake[1]: *** [cmTC_6af48] Error 1
gmake[1]: Leaving directory `/home/xiaoshu/dl_sys/oneflow/cmake/CMakeFiles/CMakeTmp'
gmake: *** [cmTC_6af48/fast] Error 2

File /home/xiaoshu/dl_sys/oneflow/cmake/CMakeFiles/CMakeTmp/CheckSymbolExists.c:
/* */
#include <pthread.h>

int main(int argc, char** argv)
{
  (void)argv;
#ifndef pthread_create
  return ((int*)(&pthread_create))[argc];
#else
  (void)argc;
  return 0;
#endif
}

Determining if the function pthread_create exists in the pthreads failed with the following output:
Change Dir: /home/xiaoshu/dl_sys/oneflow/cmake/CMakeFiles/CMakeTmp

Run Build Command:"/usr/bin/gmake" "cmTC_dd442/fast"
/usr/bin/gmake -f CMakeFiles/cmTC_dd442.dir/build.make CMakeFiles/cmTC_dd442.dir/build
gmake[1]: Entering directory `/home/xiaoshu/dl_sys/oneflow/cmake/CMakeFiles/CMakeTmp'
Building C object CMakeFiles/cmTC_dd442.dir/CheckFunctionExists.c.o
/usr/bin/cc    -DCHECK_FUNCTION_EXISTS=pthread_create -fPIE   -o CMakeFiles/cmTC_dd442.dir/CheckFunctionExists.c.o   -c /usr/local/share/cmake-3.7/Modules/CheckFunctionExists.c
Linking C executable cmTC_dd442
/usr/local/bin/cmake -E cmake_link_script CMakeFiles/cmTC_dd442.dir/link.txt --verbose=1
/usr/bin/cc   -DCHECK_FUNCTION_EXISTS=pthread_create    CMakeFiles/cmTC_dd442.dir/CheckFunctionExists.c.o  -o cmTC_dd442 -lpthreads 
/usr/bin/ld: cannot find -lpthreads
collect2: error: ld returned 1 exit status
gmake[1]: *** [cmTC_dd442] Error 1
gmake[1]: Leaving directory `/home/xiaoshu/dl_sys/oneflow/cmake/CMakeFiles/CMakeTmp'
gmake: *** [cmTC_dd442/fast] Error 2


